<?xml version="1.0" encoding="UTF-8"?>
<!-- Generated by org.testng.reporters.JUnitXMLReporter -->
<testsuite ignored="0" hostname="DESKTOP-G8I6835" failures="0" tests="3" name="RuninChrome" time="55.747" errors="0" timestamp="2024-05-21T21:08:47 IST">
  <testcase classname="com.sevenmartsupermarket.base.LoginTest" name="verifyInvalidUserLogin" time="1.437"/>
  <testcase classname="com.sevenmartsupermarket.base.LoginTest" name="verifyValidUserLogin" time="1.333"/>
  <testcase classname="com.sevenmartsupermarket.base.LoginTest" name="verify_Login" time="1.151"/>
</testsuite> <!-- RuninChrome -->
