<?xml version="1.0" encoding="UTF-8"?>
<!-- Generated by org.testng.reporters.JUnitXMLReporter -->
<testsuite ignored="0" hostname="DESKTOP-G8I6835" failures="0" tests="3" name="RuninFirefox" time="209.674" errors="0" timestamp="2024-05-21T21:11:21 IST">
  <testcase classname="com.sevenmartsupermarket.base.LoginTest" name="verifyInvalidUserLogin" time="4.033"/>
  <testcase classname="com.sevenmartsupermarket.base.LoginTest" name="verifyValidUserLogin" time="10.244"/>
  <testcase classname="com.sevenmartsupermarket.base.LoginTest" name="verify_Login" time="6.461"/>
</testsuite> <!-- RuninFirefox -->
