<?xml version="1.0" encoding="UTF-8"?>
<!-- Generated by org.testng.reporters.JUnitXMLReporter -->
<testsuite ignored="0" hostname="DESKTOP-G8I6835" failures="0" tests="3" name="RuninEdge" time="227.06" errors="0" timestamp="2024-05-21T21:11:38 IST">
  <testcase classname="com.sevenmartsupermarket.base.LoginTest" name="verifyInvalidUserLogin" time="0.0">
    <skipped/>
  </testcase> <!-- verifyInvalidUserLogin -->
  <testcase classname="com.sevenmartsupermarket.base.LoginTest" name="verifyValidUserLogin" time="0.0">
    <skipped/>
  </testcase> <!-- verifyValidUserLogin -->
  <testcase classname="com.sevenmartsupermarket.base.LoginTest" name="verify_Login" time="0.0">
    <skipped/>
  </testcase> <!-- verify_Login -->
</testsuite> <!-- RuninEdge -->
