<?xml version="1.0" encoding="UTF-8"?>
<!-- Generated by org.testng.reporters.JUnitXMLReporter -->
<testsuite ignored="0" hostname="DESKTOP-G8I6835" failures="0" tests="3" name="SuiteTest2" time="45.24" errors="0" timestamp="2024-05-21T21:35:46 IST">
  <testcase classname="com.sevenmartsupermarket.base.LoginTest" name="verifyInvalidUserLogin" time="0.95"/>
  <testcase classname="com.sevenmartsupermarket.base.LoginTest" name="verifyValidUserLogin" time="1.385"/>
  <testcase classname="com.sevenmartsupermarket.base.LoginTest" name="verify_Login" time="1.171"/>
</testsuite> <!-- SuiteTest2 -->
